<?xml version="1.0" encoding="UTF-8" standalone="no"?>
<testsuite errors="0" failures="0" name="io.cucumber.core.plugin.JUnitFormatter" skipped="0" tests="5" time="26.709">
    <testcase classname="Digital Bank Registration Page" name="Positive Case. As a user, I want to successfully create Digital Bank account" time="11.111">
        <system-out><![CDATA[Given The user with "jack@test.co" is not in DB.............................passed
And User navigates to Digital Bank signup page..............................passed
When User creates account with following fields.............................passed
Then User should be displayed with the message "Success Registration Successful. Please Login.".passed
Then the following user info should be saved in the db......................passed
]]></system-out>
    </testcase>
    <testcase classname="Digital Bank Registration Page" name="Negative Test Cases. As a Digital Bank Admin I want to make sure users can not register without providing all valid data" time="4.196">
        <system-out><![CDATA[Given The user with "jack@test.co" is not in DB.............................passed
And User navigates to Digital Bank signup page..............................passed
When User creates account with following fields.............................passed
Then the User should see the "title" required field error message "Please select an item in the list.".passed
]]></system-out>
    </testcase>
    <testcase classname="Digital Bank Registration Page" name="Negative Test Cases. As a Digital Bank Admin I want to make sure users can not register without providing all valid data 2" time="2.854">
        <system-out><![CDATA[Given The user with "jack@test.co" is not in DB.............................passed
And User navigates to Digital Bank signup page..............................passed
When User creates account with following fields.............................passed
Then the User should see the "firstName" required field error message "Please fill out this field.".passed
]]></system-out>
    </testcase>
    <testcase classname="Digital Bank Registration Page" name="Negative Test Cases. As a Digital Bank Admin I want to make sure users can not register without providing all valid data 3" time="3.668">
        <system-out><![CDATA[Given The user with "jack@test.co" is not in DB.............................passed
And User navigates to Digital Bank signup page..............................passed
When User creates account with following fields.............................passed
Then the User should see the "lastName" required field error message "Please fill out this field.".passed
]]></system-out>
    </testcase>
    <testcase classname="Digital Bank Registration Page" name="Negative Test Cases. As a Digital Bank Admin I want to make sure users can not register without providing all valid data 4" time="4.593">
        <system-out><![CDATA[Given The user with "jack@test.co" is not in DB.............................passed
And User navigates to Digital Bank signup page..............................passed
When User creates account with following fields.............................passed
Then the User should see the "gender" required field error message "Please select one of these options.".passed
]]></system-out>
    </testcase>
</testsuite>
